--2020-01-28 22:00:05--  http://www.mpgo.mp.br/portal/domp/edicao/2550
Resolving www.mpgo.mp.br (www.mpgo.mp.br)... 187.6.66.68
Connecting to www.mpgo.mp.br (www.mpgo.mp.br)|187.6.66.68|:80... connected.
HTTP request sent, awaiting response... 200 OK
Length: unspecified [application/pdf]
Saving to: '/home/cabox/workspace/domp_auto/pdf_domp/domp_2550.pdf'

     0K .......... .......... .......... .......... ..........  146K
    50K .......... .......... .......... .......... ..........  146K
   100K .......... .......... .......... .......... ..........  146K
   150K .......... .......... .......... .......... ..........  146K
   200K .......... .......... .......... .......... .......... 96.9K
   250K .......... .......... .......... .......... ..........  146K
   300K .......... .......... .......... .......... .......... 73.0K
   350K .......... .......... .......... .......... .......... 97.3K
   400K .......... .......... .......... .......... .......... 73.0K
   450K .......... .......... .......... .......... .......... 97.2K
   500K .......... .......... .......... .......... .......... 97.3K
   550K .......... .......... .......... .......... .......... 97.2K
   600K ...                                                    6936G=5.7s

2020-01-28 22:00:11 (107 KB/s) - '/home/cabox/workspace/domp_auto/pdf_domp/domp_2550.pdf' saved [618124]

